Mon Dec 22 2014 12:00:04 GMT-0600 (CST):
{ [Error: Error: Website with given name mongo already exists.]
  stack: [Getter/Setter],
  __frame: 
   { name: 'createSite',
     line: 379,
     file: '/usr/local/lib/node_modules/azure-cli/lib/commands/asm/site._js',
     prev: 
      { name: '__4',
        line: 196,
        file: '/usr/local/lib/node_modules/azure-cli/lib/commands/asm/site._js',
        prev: undefined,
        active: false,
        offset: 50,
        col: 12 },
     active: false,
     offset: 21,
     col: 21 },
  rawStack: [Getter] }
Error: Error: Website with given name mongo already exists.
    at createSite__4 (/usr/local/lib/node_modules/azure-cli/lib/commands/asm/websites/websitesclient._js:312:34)
    at createSite (/usr/local/lib/node_modules/azure-cli/lib/commands/asm/site._js:400:21)
    at __4 (/usr/local/lib/node_modules/azure-cli/lib/commands/asm/site._js:246:12)

